<?xml version="1.0" encoding="UTF-8"?>
<!-- Generated by org.testng.reporters.JUnitXMLReporter -->
<testsuite ignored="0" hostname="SHAWN" failures="0" tests="4" name="Default test" time="13.653" errors="0" timestamp="2023-11-27T13:27:17 IST">
  <testcase classname="TestNg2.Groups" name="OpenApp" time="11.794"/>
  <testcase classname="TestNg2.Groups" name="Login" time="1.508"/>
  <testcase classname="TestNg2.Groups" name="search" time="0.003"/>
  <testcase classname="TestNg2.Groups" name="CloseApp" time="0.282"/>
</testsuite> <!-- Default test -->
